<?xml version="1.0" encoding="UTF-8"?>
<!-- Generated by org.testng.reporters.JUnitReportReporter -->
<testsuite hostname="MAVRLT070" name="Libraries.Driver" tests="1" failures="0" timestamp="11 Oct 2016 09:27:36 GMT" time="248.054" errors="0">
  <testcase name="main" time="248.054" classname="Libraries.Driver"/>
</testsuite> <!-- Libraries.Driver -->
